{"level":"info","message":"user auth","timestamp":"2015-11-16T15:58:56.793Z"}
{"level":"info","message":"LOGIN pippo@gmail.com log IN","timestamp":"2015-11-16T16:04:40.852Z"}
{"level":"info","message":"LOGIN pippo@gmail.com log IN","timestamp":"2015-11-16T16:05:43.460Z"}
{"level":"info","message":"1 UPDATED doctor [object SequelizeInstance:Doctor]","timestamp":"2015-11-16T16:05:50.085Z"}
{"level":"info","message":"LOGIN pippo@gmail.com log IN","timestamp":"2015-11-16T16:07:58.233Z"}
{"level":"info","message":"1 UPDATED doctor {\"id\":1,\"name\":\"Rizzello\",\"surname\":\"Carlo\",\"createdAt\":\"2015-11-11T15:00:48.000Z\",\"updatedAt\":\"2015-11-16T16:08:02.000Z\",\"ClinicId\":1,\"RoleId\":1}","timestamp":"2015-11-16T16:08:02.807Z"}
{"level":"info","message":"LOGIN pippo@gmail.com log IN","timestamp":"2015-11-16T16:34:02.819Z"}
{"status":404,"level":"error","timestamp":"2015-11-16T16:37:55.433Z"}
{"status":404,"level":"error","timestamp":"2015-11-16T16:37:55.434Z"}
{"status":404,"level":"error","timestamp":"2015-11-16T16:38:16.876Z"}
{"status":404,"level":"error","timestamp":"2015-11-16T16:38:16.879Z"}
{"status":404,"level":"error","timestamp":"2015-11-16T16:38:16.889Z"}
{"status":404,"level":"error","timestamp":"2015-11-16T16:38:16.890Z"}
{"status":404,"level":"error","timestamp":"2015-11-16T16:38:16.979Z"}
{"status":404,"level":"error","timestamp":"2015-11-16T16:38:16.979Z"}
{"status":404,"level":"error","timestamp":"2015-11-16T16:38:19.535Z"}
{"status":404,"level":"error","timestamp":"2015-11-16T16:38:19.535Z"}
{"status":404,"level":"error","timestamp":"2015-11-16T16:38:19.554Z"}
{"status":404,"level":"error","timestamp":"2015-11-16T16:38:19.555Z"}
{"status":404,"level":"error","timestamp":"2015-11-16T16:38:19.559Z"}
{"status":404,"level":"error","timestamp":"2015-11-16T16:38:19.559Z"}
{"status":404,"level":"error","timestamp":"2015-11-16T16:38:56.701Z"}
{"status":404,"level":"error","timestamp":"2015-11-16T16:38:56.702Z"}
{"status":404,"level":"error","timestamp":"2015-11-16T16:38:56.716Z"}
{"status":404,"level":"error","timestamp":"2015-11-16T16:38:56.716Z"}
{"status":404,"level":"error","timestamp":"2015-11-16T16:38:56.735Z"}
{"status":404,"level":"error","timestamp":"2015-11-16T16:38:56.735Z"}
{"status":404,"level":"error","timestamp":"2015-11-16T16:39:35.593Z"}
{"status":404,"level":"error","timestamp":"2015-11-16T16:39:35.595Z"}
{"status":404,"level":"error","timestamp":"2015-11-16T16:39:35.612Z"}
{"status":404,"level":"error","timestamp":"2015-11-16T16:39:35.613Z"}
{"status":404,"level":"error","timestamp":"2015-11-16T16:39:35.620Z"}
{"status":404,"level":"error","timestamp":"2015-11-16T16:39:35.620Z"}
{"status":404,"level":"error","timestamp":"2015-11-16T16:40:11.781Z"}
{"status":404,"level":"error","timestamp":"2015-11-16T16:40:11.781Z"}
{"status":404,"level":"error","timestamp":"2015-11-16T16:40:11.785Z"}
{"status":404,"level":"error","timestamp":"2015-11-16T16:40:11.785Z"}
{"status":404,"level":"error","timestamp":"2015-11-16T16:40:11.804Z"}
{"status":404,"level":"error","timestamp":"2015-11-16T16:40:11.804Z"}
{"status":404,"level":"error","timestamp":"2015-11-16T16:40:27.285Z"}
{"status":404,"level":"error","timestamp":"2015-11-16T16:40:27.285Z"}
{"status":404,"level":"error","timestamp":"2015-11-16T16:41:36.128Z"}
{"status":404,"level":"error","timestamp":"2015-11-16T16:41:36.128Z"}
{"status":404,"level":"error","timestamp":"2015-11-16T16:41:36.213Z"}
{"status":404,"level":"error","timestamp":"2015-11-16T16:41:36.213Z"}
{"status":404,"level":"error","timestamp":"2015-11-16T16:41:36.232Z"}
{"status":404,"level":"error","timestamp":"2015-11-16T16:41:36.232Z"}
{"status":404,"level":"error","timestamp":"2015-11-16T16:44:28.156Z"}
{"status":404,"level":"error","timestamp":"2015-11-16T16:44:28.157Z"}
{"status":404,"level":"error","timestamp":"2015-11-16T16:44:28.179Z"}
{"status":404,"level":"error","timestamp":"2015-11-16T16:44:28.179Z"}
{"status":404,"level":"error","timestamp":"2015-11-16T16:44:28.194Z"}
{"status":404,"level":"error","timestamp":"2015-11-16T16:44:28.194Z"}
{"level":"info","message":"LOGIN pippo@gmail.com log IN","timestamp":"2015-11-16T16:44:29.596Z"}
{"status":404,"level":"error","timestamp":"2015-11-16T16:44:34.460Z"}
{"status":404,"level":"error","timestamp":"2015-11-16T16:44:34.460Z"}
{"level":"info","message":"1 CREATE Summary {\"c1s1\":\"2015-11-04\",\"c1s3\":\"2015-11-11\",\"id\":17,\"c1s2\":\"ND\",\"c1s4\":0,\"c1s5\":70,\"c1s6\":178,\"c2s1\":\"dadsa\",\"DoctorId\":\"1\",\"PatientId\":2,\"updatedAt\":\"2015-11-16T16:44:52.000Z\",\"createdAt\":\"2015-11-16T16:44:52.000Z\"}","timestamp":"2015-11-16T16:44:52.184Z"}
{"level":"info","message":"1 UPDATED doctor {\"id\":1,\"name\":\"Rizzo\",\"surname\":\"Carlo\",\"createdAt\":\"2015-11-11T15:00:48.000Z\",\"updatedAt\":\"2015-11-16T16:45:10.000Z\",\"ClinicId\":1,\"RoleId\":1}","timestamp":"2015-11-16T16:45:10.131Z"}
{"level":"info","message":"LOGIN pippo@gmail.com log IN","timestamp":"2015-11-16T16:46:08.535Z"}
{"level":"info","message":"1 UPDATED doctor {\"id\":1,\"name\":\"Rizzello\",\"surname\":\"Carlo\",\"createdAt\":\"2015-11-11T15:00:48.000Z\",\"updatedAt\":\"2015-11-16T16:46:13.000Z\",\"ClinicId\":1,\"RoleId\":1}","timestamp":"2015-11-16T16:46:13.759Z"}
{"level":"info","message":"1 UPDATED doctor {\"id\":1,\"name\":\"Rizzo\",\"surname\":\"Carlo\",\"createdAt\":\"2015-11-11T15:00:48.000Z\",\"updatedAt\":\"2015-11-16T16:47:07.000Z\",\"ClinicId\":1,\"RoleId\":1}","timestamp":"2015-11-16T16:47:07.740Z"}
{"level":"info","message":"1 UPDATED doctor {\"id\":1,\"name\":\"Rizzello\",\"surname\":\"Carlo\",\"createdAt\":\"2015-11-11T15:00:48.000Z\",\"updatedAt\":\"2015-11-16T16:47:38.000Z\",\"ClinicId\":1,\"RoleId\":1}","timestamp":"2015-11-16T16:47:38.595Z"}
{"level":"info","message":"1 UPDATED user {\"id\":4,\"name\":\"Aldo\",\"surname\":\"Bianchi\",\"username\":\"aldo.bianchi@gmail.com\",\"password\":\"$2a$08$yr7jtW9E1mzoPKaKHFmrY.L3GB8Yk0gEeTe1LwWVrbfgaqeaPctie\",\"active\":false,\"createdAt\":\"2015-11-15T10:53:13.000Z\",\"updatedAt\":\"2015-11-16T16:48:06.000Z\",\"GroupId\":3,\"ClinicId\":1}","timestamp":"2015-11-16T16:48:06.650Z"}
{"level":"info","message":"1 UPDATED user {\"id\":4,\"name\":\"Aldo\",\"surname\":\"Bianchi\",\"username\":\"aldo.bianchi@gmail.com\",\"password\":\"$2a$08$rqPf2ZYG0sDSF8nfpd2nt.21uLY.6DStiJnpQSzdM79zlhKpLQb2i\",\"active\":true,\"createdAt\":\"2015-11-15T10:53:13.000Z\",\"updatedAt\":\"2015-11-16T16:48:09.000Z\",\"GroupId\":3,\"ClinicId\":1}","timestamp":"2015-11-16T16:48:09.953Z"}
{"level":"info","message":"LOGIN pippo@gmail.com log IN","timestamp":"2015-11-16T16:49:57.161Z"}
{"level":"error","message":"LOGIN aldo.bianchi@gmail.com INVALID password","timestamp":"2015-11-16T16:50:04.963Z"}
{"level":"error","message":"LOGIN aldo.bianchi@gmail.com INVALID password","timestamp":"2015-11-16T16:50:10.767Z"}
{"level":"info","message":"LOGIN pippo@gmail.com log IN","timestamp":"2015-11-16T16:50:14.632Z"}
{"level":"info","message":"1 UPDATED user {\"id\":4,\"name\":\"Aldo\",\"surname\":\"Bianchi\",\"username\":\"aldo.bianchi@gmail.com\",\"password\":\"$2a$08$CLdsrO2.euvoMXxWHgAhSOj04H1zCKGLfon6t6pvUorinsdlOo6wm\",\"active\":true,\"createdAt\":\"2015-11-15T10:53:13.000Z\",\"updatedAt\":\"2015-11-16T16:52:14.000Z\",\"GroupId\":3,\"ClinicId\":1}","timestamp":"2015-11-16T16:52:14.285Z"}
{"level":"info","message":"1 UPDATED user {\"id\":4,\"name\":\"Aldo\",\"surname\":\"Bianchi\",\"username\":\"aldo.bianchi@gmail.com\",\"password\":\"$2a$08$CLdsrO2.euvoMXxWHgAhSOj04H1zCKGLfon6t6pvUorinsdlOo6wm\",\"active\":true,\"createdAt\":\"2015-11-15T10:53:13.000Z\",\"updatedAt\":\"2015-11-16T16:52:14.000Z\",\"GroupId\":3,\"ClinicId\":1}","timestamp":"2015-11-16T16:52:35.317Z"}
{"level":"info","message":"1 UPDATED user {\"id\":4,\"name\":\"Aldo\",\"surname\":\"Bianchi\",\"username\":\"aldo.bianchi@gmail.com\",\"password\":\"$2a$08$F5xrp7i82y8zUkyGI3wIpOoD76hmIIs7t94fz3TMMllst1d7BCMMy\",\"active\":true,\"createdAt\":\"2015-11-15T10:53:13.000Z\",\"updatedAt\":\"2015-11-16T16:52:44.000Z\",\"GroupId\":3,\"ClinicId\":1}","timestamp":"2015-11-16T16:52:44.085Z"}
{"level":"info","message":"LOGIN aldo.bianchi@gmail.com log IN","timestamp":"2015-11-16T16:52:55.988Z"}
{"level":"info","message":"LOGIN pippo@gmail.com log IN","timestamp":"2015-11-16T16:54:24.079Z"}
{"level":"info","message":"LOGIN pippo@gmail.com log IN","timestamp":"2015-11-16T16:56:07.786Z"}
{"level":"info","message":"1 UPDATE Analgesia {\"c1s10a\":\"2015-11-09T14:05\",\"c1s10b\":\"2015-11-08T14:05\",\"c2s1\":\"2015-11-09T15:24\",\"c2s6\":\"2015-11-09T15:00\",\"id\":1,\"c1s1a\":null,\"c1s1b\":null,\"c1s1c\":null,\"c1s2\":null,\"c1s3\":null,\"c1s4\":null,\"c1s5\":null,\"c1s6\":null,\"c1s7\":null,\"c1s8\":null,\"c1s9\":\"Si\",\"c1s9a\":\"Ropivacaina\",\"c1s9b\":10,\"c1s9c\":20,\"c2a\":\"No\",\"c2b\":null,\"c2s2\":null,\"c2s3a\":null,\"c2s3b\":null,\"c2s4\":null,\"c2s4a\":null,\"c2s5\":null,\"c2s7\":null,\"c2s8a\":null,\"c2s8b\":null,\"c2s9a\":null,\"c2s9b\":null,\"c2s10a\":4,\"c2s10b\":2.3,\"createdAt\":\"2015-11-16T11:42:20.000Z\",\"updatedAt\":\"2015-11-16T13:18:52.000Z\",\"PatientId\":3}","timestamp":"2015-11-16T17:11:54.486Z"}
{"level":"info","message":"1 UPDATE Summary {\"c1s1\":\"2015-11-09\",\"c1s3\":\"2015-11-17\",\"id\":15,\"c1s2\":\"SSN\",\"c1s4\":1,\"c1s5\":60,\"c1s6\":180,\"c2s1\":null,\"c2s2\":null,\"c2s3a\":null,\"c2s3b\":null,\"c2s3c\":null,\"c2s4\":null,\"c2s5\":null,\"c2s6\":null,\"c3s1\":\"4\",\"createdAt\":\"2015-11-15T22:46:30.000Z\",\"updatedAt\":\"2015-11-16T17:11:54.000Z\",\"PatientId\":3,\"DoctorId\":1}","timestamp":"2015-11-16T17:11:54.500Z"}
{"level":"info","message":"1 CREATE Anestesia {\"c1s1\":\"2015-11-09T01:00\",\"id\":1,\"c2s1\":\"Si\",\"c2s2\":\"01:00\",\"c2s3\":\"No\",\"c2s4\":\"No\",\"c2s5\":\"Si\",\"c2s5a\":\"Sufentanil\",\"c2s5b\":10,\"c3s1\":\"No\",\"c4s1\":\"No\",\"PatientId\":3,\"updatedAt\":\"2015-11-16T17:11:54.000Z\",\"createdAt\":\"2015-11-16T17:11:54.000Z\"}","timestamp":"2015-11-16T17:11:54.542Z"}
{"level":"info","message":"LOGIN pippo@gmail.com log IN","timestamp":"2015-11-16T17:16:41.312Z"}
{"level":"info","message":"LOGIN pippo@gmail.com log IN","timestamp":"2015-11-16T17:23:34.840Z"}
{"level":"info","message":"LOGIN pippo@gmail.com log IN","timestamp":"2015-11-16T17:37:47.362Z"}
{"level":"info","message":"LOGIN pippo@gmail.com log IN","timestamp":"2015-11-16T17:38:13.286Z"}
{"level":"info","message":"1 UPDATE Summary {\"c1s1\":\"2015-11-09\",\"c1s3\":\"2015-11-17\",\"id\":15,\"c1s2\":\"SSN\",\"c1s4\":1,\"c1s5\":60,\"c1s6\":180,\"c2s1\":null,\"c2s2\":null,\"c2s3a\":null,\"c2s3b\":null,\"c2s3c\":null,\"c2s4\":null,\"c2s5\":null,\"c2s6\":null,\"c3s1\":\"4\",\"createdAt\":\"2015-11-15T22:46:30.000Z\",\"updatedAt\":\"2015-11-16T17:38:32.000Z\",\"PatientId\":3,\"DoctorId\":1}","timestamp":"2015-11-16T17:38:32.286Z"}
{"level":"info","message":"1 UPDATE Anestesia {\"c1s1\":\"2015-11-09T01:00\",\"id\":1,\"c1s2\":null,\"c1s3\":null,\"c1s5\":null,\"c1s6\":null,\"c2s1\":\"Si\",\"c2s2\":\"01:00:00\",\"c2s3\":\"No\",\"c2s3a\":null,\"c2s3b\":null,\"c2s3c\":null,\"c2s4\":\"No\",\"c2s4a\":null,\"c2s4b\":null,\"c2s4c\":null,\"c2s5\":\"Si\",\"c2s5a\":\"Sufentanil\",\"c2s5b\":10,\"c3s1\":\"No\",\"c3s2a\":null,\"c3s2b\":null,\"c3s3\":null,\"c3s3a\":null,\"c3s3b\":null,\"c3s3c\":null,\"c3s4\":null,\"c3s4a\":null,\"c3s4b\":null,\"c3s4c\":null,\"c3s5\":null,\"c3s5a\":null,\"c3s5b\":null,\"c3s5c\":null,\"c4s1\":\"No\",\"c4s2\":null,\"c4s2a\":null,\"c4s3\":null,\"c4s3a\":null,\"c4s4\":null,\"c4s5\":null,\"c4s6\":null,\"c4s7\":null,\"c5\":null,\"createdAt\":\"2015-11-16T17:11:54.000Z\",\"updatedAt\":\"2015-11-16T17:11:54.000Z\",\"PatientId\":3,\"AnestesistaId\":null,\"GinecologoId\":null}","timestamp":"2015-11-16T17:38:32.295Z"}
{"level":"info","message":"1 UPDATE Analgesia {\"c1s10a\":\"2015-11-09T14:05\",\"c1s10b\":\"2015-11-08T14:05\",\"c2s1\":\"2015-11-09T15:24\",\"c2s6\":\"2015-11-09T15:00\",\"id\":1,\"c1s1a\":null,\"c1s1b\":null,\"c1s1c\":null,\"c1s2\":null,\"c1s3\":null,\"c1s4\":null,\"c1s5\":null,\"c1s6\":null,\"c1s7\":null,\"c1s8\":null,\"c1s9\":\"Si\",\"c1s9a\":\"Ropivacaina\",\"c1s9b\":10,\"c1s9c\":20,\"c1s10ch\":20,\"c1s10cm\":50,\"c2a\":\"No\",\"c2b\":null,\"c2s2\":null,\"c2s3a\":null,\"c2s3b\":null,\"c2s4\":null,\"c2s4a\":null,\"c2s5\":null,\"c2s7\":null,\"c2s8a\":null,\"c2s8b\":null,\"c2s9a\":null,\"c2s9b\":null,\"c2s10a\":4,\"c2s10b\":2.3,\"createdAt\":\"2015-11-16T11:42:20.000Z\",\"updatedAt\":\"2015-11-16T17:38:32.000Z\",\"PatientId\":3}","timestamp":"2015-11-16T17:38:32.316Z"}
