{"level":"error","message":"LOGIN man.sequino@gmail.com NOT FOUND","timestamp":"2015-12-05T17:57:49.466Z"}
{"level":"error","message":"LOGIN mansequino@gmail.com NOT FOUND","timestamp":"2015-12-05T17:57:59.461Z"}
{"level":"error","message":"LOGIN mansequino@gmail.com NOT FOUND","timestamp":"2015-12-05T17:58:01.743Z"}
{"name":"SequelizeAccessDeniedError","message":"ER_ACCESS_DENIED_ERROR: Access denied for user 'cartella_anest'@'localhost' (using password: YES)","parent":{"code":"ER_ACCESS_DENIED_ERROR","errno":1045,"sqlState":"28000","fatal":true},"original":{"code":"ER_ACCESS_DENIED_ERROR","errno":1045,"sqlState":"28000","fatal":true},"level":"error","timestamp":"2015-12-22T09:33:37.802Z"}
{"name":"SequelizeAccessDeniedError","message":"ER_ACCESS_DENIED_ERROR: Access denied for user 'cartella_anest'@'localhost' (using password: YES)","parent":{"code":"ER_ACCESS_DENIED_ERROR","errno":1045,"sqlState":"28000","fatal":true},"original":{"code":"ER_ACCESS_DENIED_ERROR","errno":1045,"sqlState":"28000","fatal":true},"level":"error","timestamp":"2015-12-22T10:00:53.890Z"}
{"name":"SequelizeAccessDeniedError","message":"ER_ACCESS_DENIED_ERROR: Access denied for user 'cartella_anest'@'localhost' (using password: YES)","parent":{"code":"ER_ACCESS_DENIED_ERROR","errno":1045,"sqlState":"28000","fatal":true},"original":{"code":"ER_ACCESS_DENIED_ERROR","errno":1045,"sqlState":"28000","fatal":true},"level":"error","timestamp":"2015-12-22T10:05:35.892Z"}
{"name":"SequelizeAccessDeniedError","message":"ER_ACCESS_DENIED_ERROR: Access denied for user 'cartella_anest'@'localhost' (using password: YES)","parent":{"code":"ER_ACCESS_DENIED_ERROR","errno":1045,"sqlState":"28000","fatal":true},"original":{"code":"ER_ACCESS_DENIED_ERROR","errno":1045,"sqlState":"28000","fatal":true},"level":"error","timestamp":"2015-12-22T10:07:43.851Z"}
{"name":"SequelizeDatabaseError","message":"ER_NO_SUCH_TABLE: Table 'cartellaanest.users' doesn't exist","parent":{"code":"ER_NO_SUCH_TABLE","errno":1146,"sqlState":"42S02","index":0,"sql":"SELECT `id`, `name`, `surname`, `username`, `password`, `active`, `createdAt`, `updatedAt`, `GroupId`, `ClinicId` FROM `Users` AS `User` WHERE `User`.`username` = 'msequino@ao.pr.it' LIMIT 1;"},"original":{"code":"ER_NO_SUCH_TABLE","errno":1146,"sqlState":"42S02","index":0,"sql":"SELECT `id`, `name`, `surname`, `username`, `password`, `active`, `createdAt`, `updatedAt`, `GroupId`, `ClinicId` FROM `Users` AS `User` WHERE `User`.`username` = 'msequino@ao.pr.it' LIMIT 1;"},"sql":"SELECT `id`, `name`, `surname`, `username`, `password`, `active`, `createdAt`, `updatedAt`, `GroupId`, `ClinicId` FROM `Users` AS `User` WHERE `User`.`username` = 'msequino@ao.pr.it' LIMIT 1;","level":"error","timestamp":"2015-12-22T10:26:52.141Z"}
{"level":"error","message":"LOGIN msequino@ao.pr.it INVALID password","timestamp":"2015-12-22T10:27:11.279Z"}
{"level":"error","message":"LOGIN mansequino@gmail.com NOT FOUND","timestamp":"2016-01-28T09:42:20.157Z"}
{"level":"error","message":"LOGIN msequino@ao.pr.it INVALID password","timestamp":"2016-01-28T12:43:06.413Z"}
{"level":"error","message":"LOGIN mansequino@gmail.com INVALID password","timestamp":"2016-01-28T13:16:03.318Z"}
{"level":"error","message":"LOGIN mansequino@gmail.com INVALID password","timestamp":"2016-01-28T13:16:07.689Z"}
{"level":"error","message":"LOGIN mansequino@gmail.com INVALID password","timestamp":"2016-01-28T14:35:31.215Z"}
{"level":"error","message":"LOGIN mansequino@gmail.com INVALID password","timestamp":"2016-01-28T16:11:05.689Z"}
{"level":"error","message":"LOGIN malaimo@ NOT FOUND","timestamp":"2016-02-01T07:53:25.396Z"}
{"level":"error","message":"LOGIN malaimo@ NOT FOUND","timestamp":"2016-02-01T07:53:33.976Z"}
{"level":"error","message":"LOGIN malaimo@ NOT FOUND","timestamp":"2016-02-01T07:53:41.712Z"}
{"level":"error","message":"LOGIN malaimo@ NOT FOUND","timestamp":"2016-02-01T07:53:45.422Z"}
{"level":"error","message":"LOGIN ccompagnone@parmanesthesia.com NOT FOUND","timestamp":"2016-02-01T07:54:02.151Z"}
{"level":"error","message":"LOGIN ccompagnone@parmanesthesia.com NOT FOUND","timestamp":"2016-02-01T07:54:03.799Z"}
{"level":"error","message":"LOGIN ccompagnone@parmanesthesia.com NOT FOUND","timestamp":"2016-02-01T07:54:06.469Z"}
{"level":"error","message":"LOGIN ccompagnone@parmanesthesia.com NOT FOUND","timestamp":"2016-02-01T07:54:09.437Z"}
{"level":"error","message":"LOGIN ccompagnone@parmanesthesia.com NOT FOUND","timestamp":"2016-02-01T07:54:10.860Z"}
{"level":"error","message":"LOGIN ccompagnone@parmanesthesia.com NOT FOUND","timestamp":"2016-02-01T07:54:14.668Z"}
{"level":"error","message":"LOGIN ccompagnone@parmanesthesia.com NOT FOUND","timestamp":"2016-02-01T07:54:15.820Z"}
{"level":"error","message":"LOGIN ccompagnone@parmanesthesia.com NOT FOUND","timestamp":"2016-02-01T07:54:18.644Z"}
{"level":"error","message":"LOGIN ccompagnone@parmanesthesia.com NOT FOUND","timestamp":"2016-02-01T07:54:19.206Z"}
{"level":"error","message":"LOGIN ccompagnone@parmanesthesia.com NOT FOUND","timestamp":"2016-02-01T07:54:19.485Z"}
{"level":"error","message":"LOGIN ccompagnone@parmanesthesia.com NOT FOUND","timestamp":"2016-02-01T07:54:19.821Z"}
{"level":"error","message":"LOGIN pinirita NOT FOUND","timestamp":"2016-02-01T19:13:40.948Z"}
{"level":"error","message":"LOGIN pinir NOT FOUND","timestamp":"2016-02-01T19:13:56.288Z"}
{"level":"error","message":"LOGIN pinir NOT FOUND","timestamp":"2016-02-01T19:14:11.864Z"}
{"level":"error","message":"LOGIN rpini NOT FOUND","timestamp":"2016-02-01T19:14:24.119Z"}
{"level":"error","message":"LOGIN rpini NOT FOUND","timestamp":"2016-02-01T19:14:42.296Z"}
{"level":"error","message":"LOGIN pinir NOT FOUND","timestamp":"2016-02-01T19:15:02.903Z"}
{"level":"error","message":"LOGIN rpini NOT FOUND","timestamp":"2016-02-01T19:15:31.421Z"}
{"level":"error","message":"LOGIN pinir NOT FOUND","timestamp":"2016-02-01T19:15:46.576Z"}
{"level":"error","message":"LOGIN ritapini NOT FOUND","timestamp":"2016-02-02T07:01:13.409Z"}
{"level":"error","message":"LOGIN pinirita NOT FOUND","timestamp":"2016-02-02T07:01:30.094Z"}
{"level":"error","message":"LOGIN pinir NOT FOUND","timestamp":"2016-02-02T07:27:13.036Z"}
{"level":"error","message":"LOGIN Torino NOT FOUND","timestamp":"2016-06-24T12:47:51.273Z"}
{"level":"error","message":"LOGIN admin NOT FOUND","timestamp":"2016-08-20T11:11:34.204Z"}
{"level":"error","message":"LOGIN admin NOT FOUND","timestamp":"2016-08-20T11:11:35.547Z"}
{"level":"error","message":"LOGIN admin NOT FOUND","timestamp":"2016-08-20T11:11:39.423Z"}
{"level":"error","message":"LOGIN msequino@ao.pr.it INVALID password","timestamp":"2016-08-23T06:42:50.821Z"}
{"level":"error","message":"LOGIN ccompagnone@gmail.com NOT FOUND","timestamp":"2016-09-05T18:26:17.107Z"}
{"level":"error","message":"LOGIN ccompagnone@parmanesthesia.com NOT FOUND","timestamp":"2016-09-05T18:26:25.699Z"}
{"level":"error","message":"LOGIN ccompagnone@parmanesthesia.com NOT FOUND","timestamp":"2016-09-05T18:26:27.174Z"}
{"level":"error","message":"LOGIN ccompagnone@parmanesthesia.com NOT FOUND","timestamp":"2016-09-05T18:26:27.536Z"}
{"level":"error","message":"LOGIN ccompagnone@parmanesthesia.com NOT FOUND","timestamp":"2016-09-05T18:26:27.830Z"}
{"level":"error","message":"LOGIN ccompagnone@parmanesthesia.com NOT FOUND","timestamp":"2016-09-05T18:26:28.189Z"}
{"level":"error","message":"LOGIN ccompagnone@parmanesthesia.com NOT FOUND","timestamp":"2016-09-05T18:28:23.606Z"}
{"level":"error","message":"LOGIN ccompagnone@parmanesthesia.com NOT FOUND","timestamp":"2016-09-05T18:28:30.024Z"}
{"level":"error","message":"LOGIN ccompagnone@parmanesthesia.com NOT FOUND","timestamp":"2016-09-05T18:28:36.811Z"}
{"level":"error","message":"LOGIN ccompagnone@parmanesthesia.com NOT FOUND","timestamp":"2016-09-05T18:28:37.924Z"}
{"level":"error","message":"LOGIN ccompagnone@parmanesthesia.com NOT FOUND","timestamp":"2016-09-05T18:28:38.306Z"}
{"level":"error","message":"LOGIN ccompagnone@parmanesthesia.com NOT FOUND","timestamp":"2016-09-05T18:28:38.611Z"}
{"level":"error","message":"LOGIN ccompagnone@parmanesthesia.com NOT FOUND","timestamp":"2016-09-05T18:28:38.960Z"}
{"level":"error","message":"LOGIN compagnone@ao.pr.it NOT FOUND","timestamp":"2016-09-05T18:30:55.990Z"}
{"level":"error","message":"LOGIN compagnone@ao.pr.it NOT FOUND","timestamp":"2016-09-05T18:31:00.152Z"}
{"level":"error","message":"LOGIN ccompagnone@parmanesthesia.com NOT FOUND","timestamp":"2016-09-05T18:31:14.270Z"}
{"level":"error","message":"LOGIN ccompagnone@parmanesthesia.com NOT FOUND","timestamp":"2016-09-05T18:31:18.403Z"}
{"level":"error","message":"LOGIN ccompagnone@parmanesthesia.com NOT FOUND","timestamp":"2016-09-05T18:31:24.434Z"}
{"level":"error","message":"LOGIN ccompagnone@gmail.com NOT FOUND","timestamp":"2016-09-05T18:31:32.507Z"}
{"level":"error","message":"LOGIN ccompagnone@gmail.com NOT FOUND","timestamp":"2016-09-05T18:31:37.418Z"}
{"level":"error","message":"LOGIN rtroglio NOT FOUND","timestamp":"2016-09-06T08:33:48.892Z"}
{"level":"error","message":"LOGIN rtroglio NOT FOUND","timestamp":"2016-09-06T08:33:51.755Z"}
{"level":"error","message":"LOGIN rtoglio@ao.pr.it NOT FOUND","timestamp":"2016-09-08T12:44:55.088Z"}
{"level":"error","message":"LOGIN rtoglio@ao.pr.it NOT FOUND","timestamp":"2016-09-08T12:45:00.825Z"}
{"level":"error","message":"LOGIN rtoglio@ao.pr.it NOT FOUND","timestamp":"2016-09-08T12:45:02.312Z"}
{"level":"error","message":"LOGIN rtoglio@ao.pr.it NOT FOUND","timestamp":"2016-09-08T12:45:10.131Z"}
{"level":"error","message":"LOGIN rtoglio@ao.pr.it NOT FOUND","timestamp":"2016-09-08T12:45:11.254Z"}
{"level":"error","message":"LOGIN rtoglio@ao.pr.it NOT FOUND","timestamp":"2016-09-08T12:45:17.729Z"}
{"level":"error","message":"LOGIN rtoglio@ao.pr.it NOT FOUND","timestamp":"2016-09-08T12:45:18.674Z"}
{"level":"error","message":"LOGIN rtoglio@ao.pr.it NOT FOUND","timestamp":"2016-09-08T12:45:24.242Z"}
{"level":"error","message":"LOGIN rtoglio@ao.pr.it NOT FOUND","timestamp":"2016-09-08T12:45:25.683Z"}
{"level":"error","message":"LOGIN rtoglio@ao.pr.it NOT FOUND","timestamp":"2016-09-08T12:45:26.051Z"}
{"level":"error","message":"LOGIN rtoglio@ao.pr.it NOT FOUND","timestamp":"2016-09-08T12:45:26.376Z"}
{"level":"error","message":"LOGIN rtoglio@ao.pr.it NOT FOUND","timestamp":"2016-09-08T12:45:26.718Z"}
{"level":"error","message":"LOGIN rtoglio@ao.pr.it NOT FOUND","timestamp":"2016-09-08T12:45:27.063Z"}
{"level":"error","message":"LOGIN ccompagnone@parmaanesthesia.com INVALID password","timestamp":"2016-09-08T16:15:26.022Z"}
{"level":"error","message":"LOGIN cdomante NOT FOUND","timestamp":"2016-09-08T16:35:56.222Z"}
{"level":"error","message":"LOGIN cdomante NOT FOUND","timestamp":"2016-09-08T16:36:02.412Z"}
{"level":"error","message":"LOGIN cdomante NOT FOUND","timestamp":"2016-09-08T16:36:08.430Z"}
{"level":"error","message":"LOGIN cdomante NOT FOUND","timestamp":"2016-09-08T16:36:11.506Z"}
{"level":"error","message":"LOGIN cdomante NOT FOUND","timestamp":"2016-09-08T16:36:12.706Z"}
{"level":"error","message":"LOGIN cdomante NOT FOUND","timestamp":"2016-09-08T16:36:19.984Z"}
{"level":"error","message":"LOGIN cdomante NOT FOUND","timestamp":"2016-09-08T16:36:26.047Z"}
{"level":"error","message":"LOGIN cdomante NOT FOUND","timestamp":"2016-09-08T16:36:39.881Z"}
{"level":"error","message":"LOGIN cdomante NOT FOUND","timestamp":"2016-09-08T16:36:53.985Z"}
{"level":"error","message":"LOGIN cdomante NOT FOUND","timestamp":"2016-09-08T16:36:56.535Z"}
{"level":"error","message":"LOGIN cdomante NOT FOUND","timestamp":"2016-09-08T16:37:01.512Z"}
{"level":"error","message":"LOGIN cdomante NOT FOUND","timestamp":"2016-09-08T16:37:03.358Z"}
{"level":"error","message":"LOGIN cdomante NOT FOUND","timestamp":"2016-09-08T16:37:26.170Z"}
{"level":"error","message":"LOGIN cdomante NOT FOUND","timestamp":"2016-09-08T16:37:53.229Z"}
{"level":"error","message":"LOGIN cdomante NOT FOUND","timestamp":"2016-09-08T16:40:06.185Z"}
{"level":"error","message":"LOGIN cdomante NOT FOUND","timestamp":"2016-09-08T16:40:13.993Z"}
{"level":"error","message":"LOGIN cdomante NOT FOUND","timestamp":"2016-09-08T16:40:23.384Z"}
{"level":"error","message":"LOGIN ccompagnone@parmanesthesia.com NOT FOUND","timestamp":"2016-09-09T13:03:16.471Z"}
{"level":"error","message":"LOGIN ccompagnone@parmaanesthesia.com INVALID password","timestamp":"2016-09-10T06:06:28.136Z"}
{"level":"error","message":"LOGIN ccompagnone@parmaanesthesia.com INVALID password","timestamp":"2016-09-10T06:06:33.662Z"}
{"level":"error","message":"LOGIN ccompagnone@parmaanesthesia.com INVALID password","timestamp":"2016-09-11T15:40:06.539Z"}
{"level":"error","message":"LOGIN ccompagnone@parmaanesthesia.com INVALID password","timestamp":"2016-09-11T15:40:10.337Z"}
{"level":"error","message":"LOGIN ccompagnone@parmaanesthesia.com INVALID password","timestamp":"2016-09-11T15:40:12.057Z"}
{"level":"error","message":"LOGIN ccompagnone@parmaanesthesia.com INVALID password","timestamp":"2016-09-11T15:40:15.983Z"}
{"level":"error","message":"LOGIN ccompagnone@parmaanesthesia.com INVALID password","timestamp":"2016-09-11T15:40:21.210Z"}
{"level":"error","message":"LOGIN ccompagnone@parmaanesthesia.com INVALID password","timestamp":"2016-09-11T15:40:26.957Z"}
{"level":"error","message":"LOGIN ccompagnone@parmaanesthesia.com INVALID password","timestamp":"2016-09-11T15:40:30.766Z"}
{"level":"error","message":"LOGIN ggilioli NOT FOUND","timestamp":"2016-09-12T13:55:26.421Z"}
{"level":"error","message":"LOGIN rtroglio@parmaanesthesia.com NOT FOUND","timestamp":"2016-09-13T08:27:35.264Z"}
{"level":"error","message":"LOGIN cdomante@ao.pr.it NOT FOUND","timestamp":"2016-09-13T13:38:20.890Z"}
{"level":"error","message":"LOGIN cdomante@ao.pr.it NOT FOUND","timestamp":"2016-09-13T13:38:36.692Z"}
{"level":"error","message":"LOGIN cdomante@parmanesthesia.com NOT FOUND","timestamp":"2016-09-13T13:39:56.971Z"}
{"level":"error","message":"LOGIN cdomante@parmanesthesia.com NOT FOUND","timestamp":"2016-09-13T13:40:08.563Z"}
{"level":"error","message":"LOGIN afioro@parmaanesthesia.com NOT FOUND","timestamp":"2016-09-14T13:32:42.778Z"}
{"level":"error","message":"LOGIN afioro@parmaanesthesia.com NOT FOUND","timestamp":"2016-09-14T13:32:44.562Z"}
{"level":"error","message":"LOGIN rtroglio NOT FOUND","timestamp":"2016-09-14T13:33:03.006Z"}
{"level":"error","message":"LOGIN rtroglio NOT FOUND","timestamp":"2016-09-14T13:33:04.718Z"}
{"level":"error","message":"LOGIN rtroglio NOT FOUND","timestamp":"2016-09-14T13:33:09.073Z"}
{"level":"error","message":"LOGIN rtroglio@ao.pr.it INVALID password","timestamp":"2016-09-14T14:33:44.887Z"}
{"level":"error","message":"LOGIN ccompagnone@paraanesthesia.com NOT FOUND","timestamp":"2016-09-15T06:41:11.375Z"}
{"level":"error","message":"LOGIN salamousas NOT FOUND","timestamp":"2016-09-15T23:50:13.980Z"}
{"name":"SequelizeValidationError","message":"7.5 is not a valid integer","errors":[],"level":"error","timestamp":"2016-09-20T17:21:51.856Z"}
{"level":"error","message":"LOGIN ccompagnone@parmaanesthesia.com INVALID password","timestamp":"2016-09-21T09:36:08.370Z"}
{"name":"SequelizeValidationError","message":"\"SPONTANEO\" is not a valid choice in [\"Si\",\"No\"]","errors":[],"level":"error","timestamp":"2016-09-21T09:45:59.853Z"}
{"name":"SequelizeValidationError","message":"\"SPONTANEO\" is not a valid choice in [\"Si\",\"No\"]","errors":[],"level":"error","timestamp":"2016-09-21T09:47:58.731Z"}
{"name":"SequelizeValidationError","message":"\"SPONTANEO\" is not a valid choice in [\"Si\",\"No\"]","errors":[],"level":"error","timestamp":"2016-09-21T09:48:35.700Z"}
{"name":"SequelizeValidationError","message":"\"L3-L4\" is not a valid choice in [\"SSN\",\"LP\"]","errors":[],"level":"error","timestamp":"2016-09-21T09:56:38.468Z"}
{"name":"SequelizeValidationError","message":"\"L3-L4\" is not a valid choice in [\"SSN\",\"LP\"]","errors":[],"level":"error","timestamp":"2016-09-21T09:56:40.652Z"}
{"name":"SequelizeValidationError","message":"\"L3-L4\" is not a valid choice in [\"SSN\",\"LP\"]","errors":[],"level":"error","timestamp":"2016-09-21T09:56:57.139Z"}
{"name":"SequelizeValidationError","message":"\"L3-L4\" is not a valid choice in [\"SSN\",\"LP\"]","errors":[],"level":"error","timestamp":"2016-09-21T09:58:38.552Z"}
{"name":"SequelizeValidationError","message":"\"L3-L4\" is not a valid choice in [\"SSN\",\"LP\"]","errors":[],"level":"error","timestamp":"2016-09-21T09:58:40.749Z"}
{"name":"SequelizeValidationError","message":"\"L3-L4\" is not a valid choice in [\"SSN\",\"LP\"]","errors":[],"level":"error","timestamp":"2016-09-21T09:59:47.372Z"}
{"name":"SequelizeValidationError","message":"\"L3-L4\" is not a valid choice in [\"SSN\",\"LP\"]","errors":[],"level":"error","timestamp":"2016-09-21T10:01:41.083Z"}
{"name":"SequelizeValidationError","message":"\"L3-L4\" is not a valid choice in [\"SSN\",\"LP\"]","errors":[],"level":"error","timestamp":"2016-09-21T10:02:07.010Z"}
{"level":"error","timestamp":"2016-09-22T13:24:45.487Z"}
{"level":"error","timestamp":"2016-09-22T13:25:44.244Z"}
{"level":"error","timestamp":"2016-09-22T13:26:45.599Z"}
{"level":"error","timestamp":"2016-09-22T13:28:03.229Z"}
{"level":"error","timestamp":"2016-09-22T13:29:41.800Z"}
{"level":"error","timestamp":"2016-09-22T13:31:40.711Z"}
{"level":"error","timestamp":"2016-09-22T13:32:55.471Z"}
{"level":"error","message":"LOGIN ccompagnone@parmaanesthesia.com INVALID password","timestamp":"2016-09-22T14:35:24.040Z"}
{"level":"error","message":"LOGIN pinir NOT FOUND","timestamp":"2016-09-24T11:59:50.486Z"}
{"level":"error","message":"LOGIN pinir NOT FOUND","timestamp":"2016-09-24T11:59:53.667Z"}
{"level":"error","message":"LOGIN rtroglio@o.pr.it NOT FOUND","timestamp":"2016-09-24T12:02:16.990Z"}
{"level":"error","message":"LOGIN rtroglio@o.pr.it NOT FOUND","timestamp":"2016-09-24T12:02:19.442Z"}
{"level":"error","message":"LOGIN rtroglio@o.pr.it NOT FOUND","timestamp":"2016-09-24T12:02:21.553Z"}
{"level":"error","message":"LOGIN pisiad@ao.pr.it NOT FOUND","timestamp":"2016-09-25T09:43:16.774Z"}
{"level":"error","message":"LOGIN pisiad@ao.pr.it NOT FOUND","timestamp":"2016-09-25T09:43:28.487Z"}
{"level":"error","message":"LOGIN pisiad@ao.pr.it NOT FOUND","timestamp":"2016-09-25T09:43:33.815Z"}
{"level":"error","message":"LOGIN pisiad@ao.pr.it NOT FOUND","timestamp":"2016-09-25T09:43:59.830Z"}
{"level":"error","message":"LOGIN abonetti NOT FOUND","timestamp":"2016-09-26T22:28:11.114Z"}
{"level":"error","message":"LOGIN cdomante NOT FOUND","timestamp":"2016-09-26T22:28:19.796Z"}
{"level":"error","message":"LOGIN gtrombi@ao.pr.it NOT FOUND","timestamp":"2016-09-27T14:27:43.816Z"}
{"level":"error","message":"LOGIN gtrombi@parmanesthesia.com NOT FOUND","timestamp":"2016-09-27T14:27:57.860Z"}
{"level":"error","message":"LOGIN gtrombi@parmanesthesia.com NOT FOUND","timestamp":"2016-09-27T14:28:04.027Z"}
{"level":"error","message":"LOGIN gtrombi@ao.pr.it NOT FOUND","timestamp":"2016-09-27T14:28:15.631Z"}
{"level":"error","message":"LOGIN gtrombi@ao.pr.it NOT FOUND","timestamp":"2016-09-27T14:28:55.455Z"}
{"level":"error","message":"LOGIN gtrombi@parmanesthesia.com NOT FOUND","timestamp":"2016-09-27T14:29:11.448Z"}
{"level":"error","message":"LOGIN ccompagnone@parmaanesthesia.com INVALID password","timestamp":"2016-09-27T17:12:05.521Z"}
{"level":"error","message":"LOGIN mdallaglio@parmanesthesia.com NOT FOUND","timestamp":"2016-09-30T18:26:43.493Z"}
{"level":"error","message":"LOGIN ccompagnone@parmaanesthesia.com INVALID password","timestamp":"2016-09-30T18:26:55.891Z"}
{"level":"error","message":"LOGIN ccompagnone@parmaanesthesia.com INVALID password","timestamp":"2016-09-30T18:27:03.334Z"}
{"level":"error","message":"LOGIN ccompagnone@parmaanesthesia.com INVALID password","timestamp":"2016-09-30T18:27:04.332Z"}
{"level":"error","message":"LOGIN ccompagnone@parmaanesthesia.com INVALID password","timestamp":"2016-09-30T18:27:11.022Z"}
{"level":"error","message":"LOGIN ccompagnone@parmaanesthesia.com INVALID password","timestamp":"2016-09-30T18:27:17.500Z"}
{"level":"error","message":"LOGIN ccompagnone@parmaanesthesia.com INVALID password","timestamp":"2016-09-30T18:27:25.071Z"}
{"level":"error","message":"LOGIN gtrombi@ao.pr.it NOT FOUND","timestamp":"2016-09-30T18:27:29.152Z"}
{"level":"error","message":"LOGIN gtrombi@ao.pr.it NOT FOUND","timestamp":"2016-09-30T18:27:29.848Z"}
{"level":"error","message":"LOGIN gtrombi@ao.pr.it NOT FOUND","timestamp":"2016-09-30T18:27:30.313Z"}
{"level":"error","message":"LOGIN gtrombi@ao.pr.it NOT FOUND","timestamp":"2016-09-30T18:27:34.466Z"}
{"level":"error","message":"LOGIN gtrombi@ao.pr.it NOT FOUND","timestamp":"2016-09-30T18:27:37.936Z"}
{"level":"error","message":"LOGIN gtrombi@ao.pr.it NOT FOUND","timestamp":"2016-09-30T18:27:38.657Z"}
{"level":"error","message":"LOGIN ccompagnone@gmail.com NOT FOUND","timestamp":"2016-09-30T18:28:00.197Z"}
{"level":"error","message":"LOGIN ccompagnone@gmail.com NOT FOUND","timestamp":"2016-09-30T18:28:01.217Z"}
{"level":"error","message":"LOGIN ccompagnone@gmail.com NOT FOUND","timestamp":"2016-09-30T18:28:01.459Z"}
{"level":"error","message":"LOGIN ccompagnone@gmail.com NOT FOUND","timestamp":"2016-09-30T18:28:01.651Z"}
{"level":"error","message":"LOGIN ccompagnone@gmail.com NOT FOUND","timestamp":"2016-09-30T18:28:03.243Z"}
{"level":"error","message":"LOGIN ccompagnone@gmail.com NOT FOUND","timestamp":"2016-09-30T18:28:03.765Z"}
{"level":"error","message":"LOGIN rtroglio@ao.pr.it INVALID password","timestamp":"2016-09-30T18:28:15.797Z"}
{"level":"error","message":"LOGIN rtroglio@ao.pr.it INVALID password","timestamp":"2016-09-30T18:28:16.465Z"}
{"level":"error","message":"LOGIN ccompagnone@parmanesthesia.com NOT FOUND","timestamp":"2016-10-02T16:47:11.140Z"}
{"level":"error","message":"LOGIN ccompagnone@ao.pr.it NOT FOUND","timestamp":"2016-10-02T16:47:25.113Z"}
{"level":"error","message":"LOGIN ccompagnone@ao.pr.it NOT FOUND","timestamp":"2016-10-02T16:47:31.826Z"}
{"level":"error","message":"LOGIN ccompagnone@parmanesthesia.com NOT FOUND","timestamp":"2016-10-02T16:47:53.260Z"}
{"level":"error","message":"LOGIN ccompagnone@parmanesthesia.com NOT FOUND","timestamp":"2016-10-02T16:47:55.257Z"}
{"level":"error","message":"LOGIN ccompagnone@parmanesthesia.com NOT FOUND","timestamp":"2016-10-02T16:47:56.008Z"}
{"level":"error","message":"LOGIN ccompagnone@parmanesthesia.com NOT FOUND","timestamp":"2016-10-02T16:47:56.729Z"}
{"level":"error","message":"LOGIN ccompagnone@parmanesthesia.com NOT FOUND","timestamp":"2016-10-02T16:47:57.427Z"}
{"level":"error","message":"LOGIN ccompagnone@parmanesthesia.com NOT FOUND","timestamp":"2016-10-02T16:48:01.040Z"}
{"level":"error","message":"LOGIN ccompagnone@parmanesthesia.com NOT FOUND","timestamp":"2016-10-02T16:50:06.101Z"}
{"name":"SequelizeValidationError","message":"\"L3-L4\" is not a valid choice in [\"SSN\",\"LP\"]","errors":[],"level":"error","timestamp":"2016-10-03T15:44:21.462Z"}
{"level":"error","message":"LOGIN ccompagnone@parmaanesthesia.com INVALID password","timestamp":"2016-10-03T16:35:16.105Z"}
{"level":"error","message":"LOGIN ccompagnone@parmaanesthesia.com INVALID password","timestamp":"2016-10-03T16:55:46.816Z"}
{"level":"error","message":"LOGIN gtrombi@ao.pr.it NOT FOUND","timestamp":"2016-10-04T12:24:40.963Z"}
{"level":"error","message":"LOGIN gtrombi@parmaanesthesia.com NOT FOUND","timestamp":"2016-10-04T12:25:30.555Z"}
{"level":"error","message":"LOGIN gtrombi@parmaanesthesia.com NOT FOUND","timestamp":"2016-10-04T12:25:40.720Z"}
{"level":"error","message":"LOGIN gtrombi@parmaanesthesia.com NOT FOUND","timestamp":"2016-10-04T12:26:03.883Z"}
{"level":"error","message":"LOGIN gtrombi@ao.pr.it NOT FOUND","timestamp":"2016-10-04T12:27:07.226Z"}
{"level":"error","message":"LOGIN gtrombi@ao.pr.it NOT FOUND","timestamp":"2016-10-04T12:27:09.474Z"}
{"level":"error","message":"LOGIN gtrombi@ao.pr.it NOT FOUND","timestamp":"2016-10-04T12:27:15.350Z"}
{"level":"error","message":"LOGIN gtrombi@ao.pr.it NOT FOUND","timestamp":"2016-10-04T12:27:16.705Z"}
{"name":"SequelizeValidationError","message":"\"L2-L3\" is not a valid choice in [\"SSN\",\"LP\"]","errors":[],"level":"error","timestamp":"2016-10-04T14:41:51.044Z"}
{"level":"error","message":"LOGIN ccompagnone@parmaanesthesia.com INVALID password","timestamp":"2016-10-04T15:25:02.186Z"}
{"name":"SequelizeValidationError","message":"\"L2-L3\" is not a valid choice in [\"SSN\",\"LP\"]","errors":[],"level":"error","timestamp":"2016-10-04T15:33:45.057Z"}
{"name":"SequelizeValidationError","message":"\"L2-L3\" is not a valid choice in [\"SSN\",\"LP\"]","errors":[],"level":"error","timestamp":"2016-10-04T15:35:44.116Z"}
{"name":"SequelizeValidationError","message":"\"L2-L3\" is not a valid choice in [\"SSN\",\"LP\"]","errors":[],"level":"error","timestamp":"2016-10-04T15:37:18.030Z"}
{"name":"SequelizeValidationError","message":"\"L2-L3\" is not a valid choice in [\"SSN\",\"LP\"]","errors":[],"level":"error","timestamp":"2016-10-04T15:38:38.244Z"}
{"name":"SequelizeValidationError","message":"\"L2-L3\" is not a valid choice in [\"SSN\",\"LP\"]","errors":[],"level":"error","timestamp":"2016-10-04T15:40:10.719Z"}
{"level":"error","message":"LOGIN ccompagnone@parmanesthesia.com NOT FOUND","timestamp":"2016-10-05T16:43:06.030Z"}
{"name":"SequelizeValidationError","message":"\"L3-L4\" is not a valid choice in [\"SSN\",\"LP\"]","errors":[],"level":"error","timestamp":"2016-10-05T17:11:50.907Z"}
{"name":"SequelizeValidationError","message":"\"L3-L4\" is not a valid choice in [\"SSN\",\"LP\"]","errors":[],"level":"error","timestamp":"2016-10-05T17:13:32.773Z"}
{"name":"SequelizeValidationError","message":"\"L3-L4\" is not a valid choice in [\"SSN\",\"LP\"]","errors":[],"level":"error","timestamp":"2016-10-05T17:14:24.011Z"}
{"name":"SequelizeValidationError","message":"\"2016-10-05T16:35\" is not a valid choice in [\"1\",\"2\",\"3\",\"4\"]","errors":[],"level":"error","timestamp":"2016-10-06T13:26:27.393Z"}
{"name":"SequelizeValidationError","message":"\"2016-10-05T16:35\" is not a valid choice in [\"1\",\"2\",\"3\",\"4\"]","errors":[],"level":"error","timestamp":"2016-10-06T13:28:08.699Z"}
{"name":"SequelizeValidationError","message":"\"2016-10-05T16:35\" is not a valid choice in [\"1\",\"2\",\"3\",\"4\"]","errors":[],"level":"error","timestamp":"2016-10-06T13:28:27.550Z"}
{"name":"SequelizeValidationError","message":"\"2016-10-05T16:35\" is not a valid choice in [\"1\",\"2\",\"3\",\"4\"]","errors":[],"level":"error","timestamp":"2016-10-06T13:35:10.288Z"}
{"name":"SequelizeValidationError","message":"null is not a valid date","errors":[],"level":"error","timestamp":"2016-10-06T14:28:15.159Z"}
{"name":"SequelizeValidationError","message":"null is not a valid date","errors":[],"level":"error","timestamp":"2016-10-06T14:28:30.581Z"}
{"name":"SequelizeValidationError","message":"null is not a valid date","errors":[],"level":"error","timestamp":"2016-10-06T14:28:47.167Z"}
{"name":"SequelizeValidationError","message":"null is not a valid date","errors":[],"level":"error","timestamp":"2016-10-06T14:30:15.189Z"}
{"name":"SequelizeValidationError","message":"null is not a valid date","errors":[],"level":"error","timestamp":"2016-10-06T14:30:47.312Z"}
{"name":"SequelizeValidationError","message":"\"L2-L3\" is not a valid choice in [\"SSN\",\"LP\"]","errors":[],"level":"error","timestamp":"2016-10-07T11:08:17.619Z"}
{"name":"SequelizeValidationError","message":"\"L2-L3\" is not a valid choice in [\"SSN\",\"LP\"]","errors":[],"level":"error","timestamp":"2016-10-07T11:08:33.043Z"}
{"name":"SequelizeValidationError","message":"\"L2-L3\" is not a valid choice in [\"SSN\",\"LP\"]","errors":[],"level":"error","timestamp":"2016-10-07T11:08:41.465Z"}
{"name":"SequelizeValidationError","message":"\"L2-L3\" is not a valid choice in [\"SSN\",\"LP\"]","errors":[],"level":"error","timestamp":"2016-10-07T11:09:50.145Z"}
{"name":"SequelizeValidationError","message":"\"L2-L3\" is not a valid choice in [\"SSN\",\"LP\"]","errors":[],"level":"error","timestamp":"2016-10-07T11:10:17.738Z"}
{"name":"SequelizeValidationError","message":"\"L2-L3\" is not a valid choice in [\"SSN\",\"LP\"]","errors":[],"level":"error","timestamp":"2016-10-07T11:10:33.091Z"}
{"name":"SequelizeValidationError","message":"\"L2-L3\" is not a valid choice in [\"SSN\",\"LP\"]","errors":[],"level":"error","timestamp":"2016-10-07T11:11:40.183Z"}
{"name":"SequelizeValidationError","message":"\"L2-L3\" is not a valid choice in [\"SSN\",\"LP\"]","errors":[],"level":"error","timestamp":"2016-10-08T21:30:48.816Z"}
{"name":"SequelizeValidationError","message":"\"L2-L3\" is not a valid choice in [\"SSN\",\"LP\"]","errors":[],"level":"error","timestamp":"2016-10-08T21:32:47.046Z"}
{"name":"SequelizeValidationError","message":"\"L2-L3\" is not a valid choice in [\"SSN\",\"LP\"]","errors":[],"level":"error","timestamp":"2016-10-08T21:34:17.944Z"}
{"name":"SequelizeValidationError","message":"\"L2-L3\" is not a valid choice in [\"SSN\",\"LP\"]","errors":[],"level":"error","timestamp":"2016-10-08T21:34:58.831Z"}
{"name":"SequelizeValidationError","message":"\"L2-L3\" is not a valid choice in [\"SSN\",\"LP\"]","errors":[],"level":"error","timestamp":"2016-10-08T21:51:38.300Z"}
{"name":"SequelizeValidationError","message":"\"L2-L3\" is not a valid choice in [\"SSN\",\"LP\"]","errors":[],"level":"error","timestamp":"2016-10-08T21:53:09.334Z"}
{"name":"SequelizeValidationError","message":"\"L2-L3\" is not a valid choice in [\"SSN\",\"LP\"]","errors":[],"level":"error","timestamp":"2016-10-08T21:55:00.083Z"}
{"name":"SequelizeValidationError","message":"\"L2-L3\" is not a valid choice in [\"SSN\",\"LP\"]","errors":[],"level":"error","timestamp":"2016-10-08T21:55:42.708Z"}
{"name":"SequelizeValidationError","message":"\"L2-L3\" is not a valid choice in [\"SSN\",\"LP\"]","errors":[],"level":"error","timestamp":"2016-10-08T21:57:14.095Z"}
{"name":"SequelizeValidationError","message":"\"L2-L3\" is not a valid choice in [\"SSN\",\"LP\"]","errors":[],"level":"error","timestamp":"2016-10-08T21:58:32.071Z"}
{"name":"SequelizeValidationError","message":"\"L2-L3\" is not a valid choice in [\"SSN\",\"LP\"]","errors":[],"level":"error","timestamp":"2016-10-08T21:59:48.385Z"}
{"name":"SequelizeValidationError","message":"\"L2-L3\" is not a valid choice in [\"SSN\",\"LP\"]","errors":[],"level":"error","timestamp":"2016-10-08T22:01:15.180Z"}
{"name":"SequelizeValidationError","message":"\"L2-L3\" is not a valid choice in [\"SSN\",\"LP\"]","errors":[],"level":"error","timestamp":"2016-10-08T22:02:16.212Z"}
{"name":"SequelizeValidationError","message":"null is not a valid date","errors":[],"level":"error","timestamp":"2016-10-08T22:06:05.044Z"}
{"name":"SequelizeValidationError","message":"null is not a valid date","errors":[],"level":"error","timestamp":"2016-10-08T22:06:06.711Z"}
{"name":"SequelizeValidationError","message":"null is not a valid date","errors":[],"level":"error","timestamp":"2016-10-08T22:07:18.235Z"}
{"name":"SequelizeValidationError","message":"null is not a valid date","errors":[],"level":"error","timestamp":"2016-10-08T22:07:19.490Z"}
{"name":"SequelizeValidationError","message":"\"2016-09-24T05:15\" is not a valid choice in [\"1\",\"2\",\"3\",\"4\"]","errors":[],"level":"error","timestamp":"2016-10-10T14:10:22.935Z"}
{"name":"SequelizeValidationError","message":"\"2016-09-24T05:15\" is not a valid choice in [\"1\",\"2\",\"3\",\"4\"]","errors":[],"level":"error","timestamp":"2016-10-10T14:12:21.717Z"}
{"name":"SequelizeValidationError","message":"\"2016-09-24T05:15\" is not a valid choice in [\"1\",\"2\",\"3\",\"4\"]","errors":[],"level":"error","timestamp":"2016-10-10T14:12:36.723Z"}
{"name":"SequelizeValidationError","message":"\"2016-09-24T05:15\" is not a valid choice in [\"1\",\"2\",\"3\",\"4\"]","errors":[],"level":"error","timestamp":"2016-10-10T14:14:36.446Z"}
{"name":"SequelizeValidationError","message":"\"2016-09-24T05:15\" is not a valid choice in [\"1\",\"2\",\"3\",\"4\"]","errors":[],"level":"error","timestamp":"2016-10-10T14:16:19.760Z"}
{"name":"SequelizeValidationError","message":"\"2016-09-24T05:15\" is not a valid choice in [\"1\",\"2\",\"3\",\"4\"]","errors":[],"level":"error","timestamp":"2016-10-10T14:16:56.550Z"}
{"name":"SequelizeValidationError","message":"\"L3-L4\" is not a valid choice in [\"SSN\",\"LP\"]","errors":[],"level":"error","timestamp":"2016-10-10T14:27:51.199Z"}
{"name":"SequelizeValidationError","message":"\"L3-L4\" is not a valid choice in [\"SSN\",\"LP\"]","errors":[],"level":"error","timestamp":"2016-10-10T14:28:55.975Z"}
{"name":"SequelizeValidationError","message":"\"L3-L4\" is not a valid choice in [\"SSN\",\"LP\"]","errors":[],"level":"error","timestamp":"2016-10-10T14:30:49.294Z"}
{"name":"SequelizeValidationError","message":"\"L3-L4\" is not a valid choice in [\"SSN\",\"LP\"]","errors":[],"level":"error","timestamp":"2016-10-10T14:32:48.388Z"}
{"name":"SequelizeValidationError","message":"\"L3-L4\" is not a valid choice in [\"SSN\",\"LP\"]","errors":[],"level":"error","timestamp":"2016-10-10T14:34:15.479Z"}
{"name":"SequelizeValidationError","message":"\"L3-L4\" is not a valid choice in [\"SSN\",\"LP\"]","errors":[],"level":"error","timestamp":"2016-10-10T14:35:23.542Z"}
{"name":"SequelizeValidationError","message":"\"L3-L4\" is not a valid choice in [\"SSN\",\"LP\"]","errors":[],"level":"error","timestamp":"2016-10-10T14:44:08.271Z"}
{"name":"SequelizeValidationError","message":"\"L3-L4\" is not a valid choice in [\"SSN\",\"LP\"]","errors":[],"level":"error","timestamp":"2016-10-10T14:45:01.543Z"}
{"name":"SequelizeValidationError","message":"\"L3-L4\" is not a valid choice in [\"SSN\",\"LP\"]","errors":[],"level":"error","timestamp":"2016-10-10T14:46:38.909Z"}
{"name":"SequelizeValidationError","message":"\"L3-L4\" is not a valid choice in [\"SSN\",\"LP\"]","errors":[],"level":"error","timestamp":"2016-10-10T14:48:02.476Z"}
{"name":"SequelizeValidationError","message":"\"L2-L3\" is not a valid choice in [\"SSN\",\"LP\"]","errors":[],"level":"error","timestamp":"2016-10-10T14:51:29.474Z"}
{"name":"SequelizeValidationError","message":"\"L2-L3\" is not a valid choice in [\"SSN\",\"LP\"]","errors":[],"level":"error","timestamp":"2016-10-10T14:53:28.502Z"}
{"name":"SequelizeValidationError","message":"\"L2-L3\" is not a valid choice in [\"SSN\",\"LP\"]","errors":[],"level":"error","timestamp":"2016-10-10T14:53:47.729Z"}
{"name":"SequelizeValidationError","message":"\"L2-L3\" is not a valid choice in [\"SSN\",\"LP\"]","errors":[],"level":"error","timestamp":"2016-10-10T14:55:34.112Z"}
{"name":"SequelizeValidationError","message":"\"L2-L3\" is not a valid choice in [\"SSN\",\"LP\"]","errors":[],"level":"error","timestamp":"2016-10-10T14:57:07.002Z"}
{"name":"SequelizeValidationError","message":"\"L2-L3\" is not a valid choice in [\"SSN\",\"LP\"]","errors":[],"level":"error","timestamp":"2016-10-10T14:58:42.673Z"}
{"name":"SequelizeValidationError","message":"\"2016-09-28T03:00\" is not a valid choice in [\"1\",\"2\",\"3\",\"4\"]","errors":[],"level":"error","timestamp":"2016-10-10T15:10:51.843Z"}
{"level":"error","message":"LOGIN gtrombi@ao.pr.it NOT FOUND","timestamp":"2016-10-11T05:58:48.938Z"}
{"name":"SequelizeValidationError","message":"\"L3-L4\" is not a valid choice in [\"SSN\",\"LP\"]","errors":[],"level":"error","timestamp":"2016-10-11T06:08:41.709Z"}
{"name":"SequelizeValidationError","message":"\"L3-L4\" is not a valid choice in [\"SSN\",\"LP\"]","errors":[],"level":"error","timestamp":"2016-10-11T06:08:41.885Z"}
{"level":"error","message":"LOGIN trombi.giovanni@gmail.com INVALID password","timestamp":"2016-10-12T10:27:47.955Z"}
{"level":"error","message":"LOGIN gtrombi@parmanesthesia.com NOT FOUND","timestamp":"2016-10-12T10:28:46.635Z"}
{"level":"error","message":"LOGIN gtrombi@parmanesthesia.com NOT FOUND","timestamp":"2016-10-12T10:28:49.886Z"}
{"level":"error","message":"LOGIN gtrombi@parmaanesthesia.com NOT FOUND","timestamp":"2016-10-12T10:28:54.836Z"}
{"level":"error","message":"LOGIN gtrombi@parmaanesthesia.com NOT FOUND","timestamp":"2016-10-12T10:29:02.221Z"}
{"level":"error","message":"LOGIN gtrombi@parmaanesthesia.com NOT FOUND","timestamp":"2016-10-12T10:40:32.220Z"}
{"level":"error","message":"LOGIN gtrombi@parmaanesthesia.com NOT FOUND","timestamp":"2016-10-12T10:40:38.130Z"}
{"level":"error","message":"LOGIN gtrombi@parmaanesthesia.com NOT FOUND","timestamp":"2016-10-12T10:40:40.125Z"}
{"level":"error","message":"LOGIN gtrombi@parmaanesthesia.com NOT FOUND","timestamp":"2016-10-12T10:40:44.997Z"}
{"level":"error","message":"LOGIN gtrombi@parmanesthesia.com NOT FOUND","timestamp":"2016-10-12T10:40:54.545Z"}
{"level":"error","message":"LOGIN gtrombi@parmanesthesia.com NOT FOUND","timestamp":"2016-10-12T10:40:56.375Z"}
{"level":"error","message":"LOGIN gtrombi@parmanesthesia.com NOT FOUND","timestamp":"2016-10-12T10:40:57.932Z"}
{"level":"error","message":"LOGIN domante NOT FOUND","timestamp":"2016-10-13T10:07:39.115Z"}
{"level":"error","message":"LOGIN cdomante NOT FOUND","timestamp":"2016-10-13T10:07:53.394Z"}
{"level":"error","message":"LOGIN cdomante NOT FOUND","timestamp":"2016-10-13T10:07:57.838Z"}
{"level":"error","message":"LOGIN cdomante NOT FOUND","timestamp":"2016-10-13T10:07:59.749Z"}
{"level":"error","message":"LOGIN admin NOT FOUND","timestamp":"2016-10-13T19:47:45.963Z"}
{"level":"error","message":"LOGIN admin NOT FOUND","timestamp":"2016-10-13T19:48:00.789Z"}
{"level":"error","message":"LOGIN admin NOT FOUND","timestamp":"2016-10-13T19:48:02.207Z"}
{"level":"error","message":"LOGIN msequino@ao.pr.it INVALID password","timestamp":"2016-10-13T19:48:17.322Z"}
{"level":"error","message":"LOGIN msequino@ao.pr.it INVALID password","timestamp":"2016-10-13T19:48:21.454Z"}
{"level":"error","message":"LOGIN msequino@ao.pr.it INVALID password","timestamp":"2016-10-13T19:48:24.339Z"}
{"level":"error","message":"LOGIN msequino@ao.pr.it INVALID password","timestamp":"2016-10-13T19:48:25.495Z"}
{"level":"error","message":"LOGIN msequino@ao.pr.it INVALID password","timestamp":"2016-10-13T19:48:26.467Z"}
{"level":"error","message":"LOGIN msequino@ao.pr.it INVALID password","timestamp":"2016-10-13T19:48:32.635Z"}
{"level":"error","message":"LOGIN msequino@ao.pr.it INVALID password","timestamp":"2016-10-13T19:48:34.160Z"}
{"level":"error","message":"LOGIN admin NOT FOUND","timestamp":"2016-10-15T10:40:56.069Z"}
{"level":"error","message":"LOGIN admin NOT FOUND","timestamp":"2016-10-15T10:41:08.706Z"}
{"level":"error","message":"LOGIN admin NOT FOUND","timestamp":"2016-10-15T10:41:10.996Z"}
{"level":"error","message":"LOGIN msequino@ao.pr.it INVALID password","timestamp":"2016-10-15T10:41:25.994Z"}
{"level":"error","message":"LOGIN msequino@ao.pr.it INVALID password","timestamp":"2016-10-15T10:41:34.056Z"}
{"level":"error","message":"LOGIN msequino@ao.pr.it INVALID password","timestamp":"2016-10-15T10:41:46.189Z"}
{"level":"error","message":"LOGIN msequino@ao.pr.it INVALID password","timestamp":"2016-10-15T10:41:58.735Z"}
{"level":"error","message":"LOGIN msequino@ao.pr.it INVALID password","timestamp":"2016-10-15T10:42:00.492Z"}
{"name":"SequelizeUniqueConstraintError","message":"Validation error","errors":[{"message":"username must be unique","type":"unique violation","path":"username","value":"eiezzi@ao.pr.it"}],"fields":{"username":"eiezzi@ao.pr.it"},"level":"error","timestamp":"2016-10-15T10:43:17.892Z"}
{"level":"error","message":"LOGIN msequino@ao.pr.it INVALID password","timestamp":"2016-10-15T10:52:15.566Z"}
{"level":"error","message":"LOGIN eiezzi@ao.pr.it INVALID password","timestamp":"2016-10-15T11:18:52.115Z"}
{"level":"error","message":"LOGIN eiezzi@ao.pr.it INVALID password","timestamp":"2016-10-15T11:18:54.008Z"}
